[debug] [2026-07-16T00:26:46.961Z] ----------------------------------------------------------------------
[debug] [2026-07-16T00:26:46.964Z] Command:       C:\Program Files\nodejs\node.exe C:\Users\Thurcos\AppData\Roaming\npm\node_modules\firebase-tools\lib\bin\firebase.js init firestore --project destino-certo12
[debug] [2026-07-16T00:26:46.964Z] CLI Version:   15.10.0
[debug] [2026-07-16T00:26:46.964Z] Platform:      win32
[debug] [2026-07-16T00:26:46.964Z] Node Version:  v24.16.0
[debug] [2026-07-16T00:26:46.964Z] Time:          Wed Jul 15 2026 21:26:46 GMT-0300 (Horário Padrão de Brasília)
[debug] [2026-07-16T00:26:46.964Z] ----------------------------------------------------------------------
[debug] 
[info] 
     ######## #### ########  ######## ########     ###     ######  ########
     ##        ##  ##     ## ##       ##     ##  ##   ##  ##       ##
     ######    ##  ########  ######   ########  #########  ######  ######
     ##        ##  ##    ##  ##       ##     ## ##     ##       ## ##
     ##       #### ##     ## ######## ########  ##     ##  ######  ########

You're about to initialize a Firebase project in this directory:

  C:\Users\Thurcos\Desktop\Itenerario

[info] 
=== Project Setup
[info] 
[info] First, let's associate this project directory with a Firebase project.
[info] You can create multiple project aliases by running firebase use --add, 
[info] 
[debug] [2026-07-16T00:26:48.330Z] > command requires scopes: ["email","openid","https://www.googleapis.com/auth/cloudplatformprojects.readonly","https://www.googleapis.com/auth/firebase","https://www.googleapis.com/auth/cloud-platform"]
[debug] [2026-07-16T00:26:48.330Z] > authorizing via signed-in user (zerou.contato.net@gmail.com)
[debug] [2026-07-16T00:26:48.331Z] Checked if tokens are valid: true, expires at: 1784163848434
[debug] [2026-07-16T00:26:48.331Z] Checked if tokens are valid: true, expires at: 1784163848434
[debug] [2026-07-16T00:26:48.332Z] >>> [apiv2][query] GET https://firebase.googleapis.com/v1beta1/projects/destino-certo12 [none]
[debug] [2026-07-16T00:26:48.777Z] <<< [apiv2][status] GET https://firebase.googleapis.com/v1beta1/projects/destino-certo12 403
[debug] [2026-07-16T00:26:48.777Z] <<< [apiv2][body] GET https://firebase.googleapis.com/v1beta1/projects/destino-certo12 {"error":{"code":403,"message":"The caller does not have permission","status":"PERMISSION_DENIED"}}
[debug] [2026-07-16T00:26:48.778Z] Request to https://firebase.googleapis.com/v1beta1/projects/destino-certo12 had HTTP Error: 403, The caller does not have permission
[debug] [2026-07-16T00:26:48.896Z] FirebaseError: Request to https://firebase.googleapis.com/v1beta1/projects/destino-certo12 had HTTP Error: 403, The caller does not have permission
    at responseToError (C:\Users\Thurcos\AppData\Roaming\npm\node_modules\firebase-tools\lib\responseToError.js:53:12)
    at RetryOperation._fn (C:\Users\Thurcos\AppData\Roaming\npm\node_modules\firebase-tools\lib\apiv2.js:333:77)
    at process.processTicksAndRejections (node:internal/process/task_queues:104:5)
[error] 
[error] Error: Failed to get Firebase project destino-certo12. Please make sure the project exists and your account has permission to access it.
